test (20.x)
failed now in 44s
Search logs
0s
21s
1s
1s
10s
8s
Run npm run check

> rest-express@1.0.0 check
> tsc

Error: client/src/components/employee-form.tsx(163,37): error TS2345: Argument of type '{ role: string; status: string; email: string; fullName: string; cpf: string; admissionDate: string; department: string; phone: string | null; accessLevel: string; birthDate: string; username: string; password?: string | undefined; }' is not assignable to parameter of type '{ role: string; status: string; email: string; fullName: string; cpf: string; admissionDate: string; department: string; phone: string | null; accessLevel: string; birthDate: string; username: string; password?: string | undefined; } & { ...; }'.
  Type '{ role: string; status: string; email: string; fullName: string; cpf: string; admissionDate: string; department: string; phone: string | null; accessLevel: string; birthDate: string; username: string; password?: string | undefined; }' is not assignable to type '{ password: string; }'.
    Types of property 'password' are incompatible.
      Type 'string | undefined' is not assignable to type 'string'.
        Type 'undefined' is not assignable to type 'string'.
Error: client/src/components/employee-form.tsx(283,20): error TS2322: Type '{ onChange: (...event: any[]) => void; onBlur: Noop; value: string | null; disabled?: boolean | undefined; name: "phone"; ref: RefCallBack; placeholder: string; }' is not assignable to type 'Omit<DetailedHTMLProps<InputHTMLAttributes<HTMLInputElement>, HTMLInputElement>, "ref">'.
  Types of property 'value' are incompatible.
    Type 'string | null' is not assignable to type 'string | number | readonly string[] | undefined'.
      Type 'null' is not assignable to type 'string | number | readonly string[] | undefined'.
Error: client/src/pages/admin/employees.tsx(89,11): error TS2802: Type 'Set<string>' can only be iterated through when using the '--downlevelIteration' flag or with a '--target' of 'es2015' or higher.
Error: server/vite.ts(39,5): error TS2322: Type '{ middlewareMode: boolean; hmr: { server: Server<typeof IncomingMessage, typeof ServerResponse>; }; allowedHosts: boolean; }' is not assignable to type 'ServerOptions'.
  Types of property 'allowedHosts' are incompatible.
    Type 'boolean' is not assignable to type 'true | string[] | undefined'.
Error: Process completed with exit code 2.
